2025-05-10T00:09:42.486+08:00  WARN 86751 --- [Sprint-book-demo] [HikariPool-1 housekeeper] com.zaxxer.hikari.pool.HikariPool        : HikariPool-1 - Thread starvation or clock leap detected (housekeeper delta=18m53s329ms).
2025-05-10T00:10:53.618+08:00  WARN 86751 --- [Sprint-book-demo] [HikariPool-1 housekeeper] com.zaxxer.hikari.pool.HikariPool        : HikariPool-1 - Thread starvation or clock leap detected (housekeeper delta=1m11s133ms).
2025-05-10T00:12:32.562+08:00  WARN 86751 --- [Sprint-book-demo] [HikariPool-1 housekeeper] com.zaxxer.hikari.pool.HikariPool        : HikariPool-1 - Thread starvation or clock leap detected (housekeeper delta=1m8s930ms).
2025-05-10T01:48:48.054+08:00  WARN 86751 --- [Sprint-book-demo] [HikariPool-1 housekeeper] com.zaxxer.hikari.pool.HikariPool        : HikariPool-1 - Thread starvation or clock leap detected (housekeeper delta=1h35m45s482ms).
2025-05-10T02:36:54.445+08:00  WARN 86751 --- [Sprint-book-demo] [HikariPool-1 housekeeper] com.zaxxer.hikari.pool.HikariPool        : HikariPool-1 - Thread starvation or clock leap detected (housekeeper delta=47m36s376ms).
2025-05-10T04:12:49.960+08:00  WARN 86751 --- [Sprint-book-demo] [HikariPool-1 housekeeper] com.zaxxer.hikari.pool.HikariPool        : HikariPool-1 - Thread starvation or clock leap detected (housekeeper delta=1h35m55s514ms).
2025-05-10T05:34:55.365+08:00  WARN 86751 --- [Sprint-book-demo] [HikariPool-1 housekeeper] com.zaxxer.hikari.pool.HikariPool        : HikariPool-1 - Thread starvation or clock leap detected (housekeeper delta=1h22m5s406ms).
2025-05-10T05:45:00.074+08:00  WARN 86751 --- [Sprint-book-demo] [HikariPool-1 housekeeper] com.zaxxer.hikari.pool.HikariPool        : HikariPool-1 - Thread starvation or clock leap detected (housekeeper delta=10m4s709ms).
2025-05-10T06:35:20.238+08:00  WARN 86751 --- [Sprint-book-demo] [HikariPool-1 housekeeper] com.zaxxer.hikari.pool.HikariPool        : HikariPool-1 - Thread starvation or clock leap detected (housekeeper delta=50m20s160ms).
2025-05-10T07:37:11.027+08:00  WARN 86751 --- [Sprint-book-demo] [HikariPool-1 housekeeper] com.zaxxer.hikari.pool.HikariPool        : HikariPool-1 - Thread starvation or clock leap detected (housekeeper delta=1h1m50s793ms).
2025-05-10T07:45:54.014+08:00  WARN 86751 --- [Sprint-book-demo] [HikariPool-1 housekeeper] com.zaxxer.hikari.pool.HikariPool        : HikariPool-1 - Thread starvation or clock leap detected (housekeeper delta=8m12s973ms).
2025-05-10T08:19:36.750+08:00  WARN 86751 --- [Sprint-book-demo] [HikariPool-1 housekeeper] com.zaxxer.hikari.pool.HikariPool        : HikariPool-1 - Thread starvation or clock leap detected (housekeeper delta=33m42s737ms).
2025-05-10T08:46:51.109+08:00  WARN 86751 --- [Sprint-book-demo] [HikariPool-1 housekeeper] com.zaxxer.hikari.pool.HikariPool        : HikariPool-1 - Thread starvation or clock leap detected (housekeeper delta=27m14s359ms).
2025-05-10T09:04:24.029+08:00  WARN 86751 --- [Sprint-book-demo] [HikariPool-1 housekeeper] com.zaxxer.hikari.pool.HikariPool        : HikariPool-1 - Thread starvation or clock leap detected (housekeeper delta=17m32s920ms).
2025-05-10T09:10:09.430+08:00  WARN 86751 --- [Sprint-book-demo] [HikariPool-1 housekeeper] com.zaxxer.hikari.pool.HikariPool        : HikariPool-1 - Thread starvation or clock leap detected (housekeeper delta=4m45s380ms).
2025-05-10T09:11:17.182+08:00  WARN 86751 --- [Sprint-book-demo] [HikariPool-1 housekeeper] com.zaxxer.hikari.pool.HikariPool        : HikariPool-1 - Thread starvation or clock leap detected (housekeeper delta=1m7s753ms).
2025-05-10T09:47:45.756+08:00  WARN 86751 --- [Sprint-book-demo] [HikariPool-1 housekeeper] com.zaxxer.hikari.pool.HikariPool        : HikariPool-1 - Thread starvation or clock leap detected (housekeeper delta=35m58s565ms).
2025-05-10T10:42:07.702+08:00  WARN 86751 --- [Sprint-book-demo] [HikariPool-1 housekeeper] com.zaxxer.hikari.pool.HikariPool        : HikariPool-1 - Thread starvation or clock leap detected (housekeeper delta=52m21s903ms).
2025-05-10T10:48:43.152+08:00  WARN 86751 --- [Sprint-book-demo] [HikariPool-1 housekeeper] com.zaxxer.hikari.pool.HikariPool        : HikariPool-1 - Thread starvation or clock leap detected (housekeeper delta=6m5s427ms).
2025-05-10T11:49:40.272+08:00  WARN 86751 --- [Sprint-book-demo] [HikariPool-1 housekeeper] com.zaxxer.hikari.pool.HikariPool        : HikariPool-1 - Thread starvation or clock leap detected (housekeeper delta=1h27s107ms).
2025-05-10T11:52:26.079+08:00  WARN 86751 --- [Sprint-book-demo] [HikariPool-1 housekeeper] com.zaxxer.hikari.pool.HikariPool        : HikariPool-1 - Thread starvation or clock leap detected (housekeeper delta=2m15s795ms).
2025-05-10T11:57:09.070+08:00  WARN 86751 --- [Sprint-book-demo] [HikariPool-1 housekeeper] com.zaxxer.hikari.pool.HikariPool        : HikariPool-1 - Thread starvation or clock leap detected (housekeeper delta=2m42s947ms).
2025-05-10T11:58:21.170+08:00  WARN 86751 --- [Sprint-book-demo] [HikariPool-1 housekeeper] com.zaxxer.hikari.pool.HikariPool        : HikariPool-1 - Thread starvation or clock leap detected (housekeeper delta=1m12s99ms).
2025-05-10T12:50:35.411+08:00  WARN 86751 --- [Sprint-book-demo] [HikariPool-1 housekeeper] com.zaxxer.hikari.pool.HikariPool        : HikariPool-1 - Thread starvation or clock leap detected (housekeeper delta=51m44s225ms).
2025-05-10T13:02:07.685+08:00  WARN 86751 --- [Sprint-book-demo] [HikariPool-1 housekeeper] com.zaxxer.hikari.pool.HikariPool        : HikariPool-1 - Thread starvation or clock leap detected (housekeeper delta=11m2s259ms).
2025-05-10T13:04:00.423+08:00  WARN 86751 --- [Sprint-book-demo] [HikariPool-1 housekeeper] com.zaxxer.hikari.pool.HikariPool        : HikariPool-1 - Thread starvation or clock leap detected (housekeeper delta=1m22s721ms).
2025-05-10T13:05:30.234+08:00  WARN 86751 --- [Sprint-book-demo] [HikariPool-1 housekeeper] com.zaxxer.hikari.pool.HikariPool        : HikariPool-1 - Retrograde clock change detected (housekeeper delta=29s787ms), soft-evicting connections from pool.
2025-05-10T14:51:57.001+08:00  WARN 86751 --- [Sprint-book-demo] [HikariPool-1 housekeeper] com.zaxxer.hikari.pool.HikariPool        : HikariPool-1 - Retrograde clock change detected (housekeeper delta=25s610ms), soft-evicting connections from pool.
2025-05-10T20:08:05.818+08:00  WARN 86751 --- [Sprint-book-demo] [HikariPool-1 housekeeper] com.zaxxer.hikari.pool.HikariPool        : HikariPool-1 - Retrograde clock change detected (housekeeper delta=29s860ms), soft-evicting connections from pool.
2025-05-10T20:53:35.226+08:00  INFO 86751 --- [Sprint-book-demo] [SpringApplicationShutdownHook] o.s.b.w.e.tomcat.GracefulShutdown        : Commencing graceful shutdown. Waiting for active requests to complete
2025-05-10T20:53:35.249+08:00  INFO 86751 --- [Sprint-book-demo] [tomcat-shutdown] o.s.b.w.e.tomcat.GracefulShutdown        : Graceful shutdown complete
2025-05-10T20:53:35.270+08:00  INFO 86751 --- [Sprint-book-demo] [SpringApplicationShutdownHook] com.zaxxer.hikari.HikariDataSource       : HikariPool-1 - Shutdown initiated...
2025-05-10T20:53:35.275+08:00  INFO 86751 --- [Sprint-book-demo] [SpringApplicationShutdownHook] com.zaxxer.hikari.HikariDataSource       : HikariPool-1 - Shutdown completed.
2025-05-10T21:30:38.162+08:00  INFO 10862 --- [Sprint-book-demo] [main] c.k.s.mapper.BookMapperTest              : Starting BookMapperTest using Java 17.0.11 with PID 10862 (started by kevinqiu in /Users/kevinqiu/Desktop/JavaToGithub/JavaEE_Pro/Sprint-book-demo)
2025-05-10T21:30:38.163+08:00  INFO 10862 --- [Sprint-book-demo] [main] c.k.s.mapper.BookMapperTest              : No active profile set, falling back to 1 default profile: "default"
2025-05-10T21:30:38.897+08:00  INFO 10862 --- [Sprint-book-demo] [main] c.k.s.mapper.BookMapperTest              : Started BookMapperTest in 0.911 seconds (process running for 1.408)
2025-05-10T21:30:39.348+08:00  INFO 10862 --- [Sprint-book-demo] [main] com.zaxxer.hikari.HikariDataSource       : HikariPool-1 - Starting...
2025-05-10T21:30:39.471+08:00  INFO 10862 --- [Sprint-book-demo] [main] com.zaxxer.hikari.pool.HikariPool        : HikariPool-1 - Added connection com.mysql.cj.jdbc.ConnectionImpl@2fa212df
2025-05-10T21:30:39.472+08:00  INFO 10862 --- [Sprint-book-demo] [main] com.zaxxer.hikari.HikariDataSource       : HikariPool-1 - Start completed.
2025-05-10T21:30:39.541+08:00  INFO 10862 --- [Sprint-book-demo] [SpringApplicationShutdownHook] com.zaxxer.hikari.HikariDataSource       : HikariPool-1 - Shutdown initiated...
2025-05-10T21:30:39.547+08:00  INFO 10862 --- [Sprint-book-demo] [SpringApplicationShutdownHook] com.zaxxer.hikari.HikariDataSource       : HikariPool-1 - Shutdown completed.
2025-05-10T21:34:35.180+08:00  INFO 11042 --- [Sprint-book-demo] [main] c.k.s.mapper.BookMapperTest              : Starting BookMapperTest using Java 17.0.11 with PID 11042 (started by kevinqiu in /Users/kevinqiu/Desktop/JavaToGithub/JavaEE_Pro/Sprint-book-demo)
2025-05-10T21:34:35.182+08:00  INFO 11042 --- [Sprint-book-demo] [main] c.k.s.mapper.BookMapperTest              : No active profile set, falling back to 1 default profile: "default"
2025-05-10T21:34:35.920+08:00  INFO 11042 --- [Sprint-book-demo] [main] c.k.s.mapper.BookMapperTest              : Started BookMapperTest in 0.915 seconds (process running for 1.424)
2025-05-10T21:34:36.321+08:00  INFO 11042 --- [Sprint-book-demo] [main] com.zaxxer.hikari.HikariDataSource       : HikariPool-1 - Starting...
2025-05-10T21:34:36.422+08:00  INFO 11042 --- [Sprint-book-demo] [main] com.zaxxer.hikari.pool.HikariPool        : HikariPool-1 - Added connection com.mysql.cj.jdbc.ConnectionImpl@2fa212df
2025-05-10T21:34:36.423+08:00  INFO 11042 --- [Sprint-book-demo] [main] com.zaxxer.hikari.HikariDataSource       : HikariPool-1 - Start completed.
2025-05-10T21:34:36.477+08:00  INFO 11042 --- [Sprint-book-demo] [SpringApplicationShutdownHook] com.zaxxer.hikari.HikariDataSource       : HikariPool-1 - Shutdown initiated...
2025-05-10T21:34:36.482+08:00  INFO 11042 --- [Sprint-book-demo] [SpringApplicationShutdownHook] com.zaxxer.hikari.HikariDataSource       : HikariPool-1 - Shutdown completed.
2025-05-10T21:34:43.388+08:00  INFO 11054 --- [Sprint-book-demo] [main] c.k.s.SprintBookDemoApplication          : Starting SprintBookDemoApplication using Java 17.0.11 with PID 11054 (/Users/kevinqiu/Desktop/JavaToGithub/JavaEE_Pro/Sprint-book-demo/target/classes started by kevinqiu in /Users/kevinqiu/Desktop/JavaToGithub/JavaEE_Pro/Sprint-book-demo)
2025-05-10T21:34:43.389+08:00  INFO 11054 --- [Sprint-book-demo] [main] c.k.s.SprintBookDemoApplication          : No active profile set, falling back to 1 default profile: "default"
2025-05-10T21:34:43.801+08:00  INFO 11054 --- [Sprint-book-demo] [main] o.s.b.w.embedded.tomcat.TomcatWebServer  : Tomcat initialized with port 8080 (http)
2025-05-10T21:34:43.809+08:00  INFO 11054 --- [Sprint-book-demo] [main] o.apache.catalina.core.StandardService   : Starting service [Tomcat]
2025-05-10T21:34:43.810+08:00  INFO 11054 --- [Sprint-book-demo] [main] o.apache.catalina.core.StandardEngine    : Starting Servlet engine: [Apache Tomcat/10.1.39]
2025-05-10T21:34:43.830+08:00  INFO 11054 --- [Sprint-book-demo] [main] o.a.c.c.C.[Tomcat].[localhost].[/]       : Initializing Spring embedded WebApplicationContext
2025-05-10T21:34:43.830+08:00  INFO 11054 --- [Sprint-book-demo] [main] w.s.c.ServletWebServerApplicationContext : Root WebApplicationContext: initialization completed in 418 ms
2025-05-10T21:34:44.115+08:00  INFO 11054 --- [Sprint-book-demo] [main] o.s.b.w.embedded.tomcat.TomcatWebServer  : Tomcat started on port 8080 (http) with context path '/'
2025-05-10T21:34:44.120+08:00  INFO 11054 --- [Sprint-book-demo] [main] c.k.s.SprintBookDemoApplication          : Started SprintBookDemoApplication in 0.948 seconds (process running for 1.181)
2025-05-10T21:34:49.791+08:00  INFO 11054 --- [Sprint-book-demo] [http-nio-8080-exec-1] o.a.c.c.C.[Tomcat].[localhost].[/]       : Initializing Spring DispatcherServlet 'dispatcherServlet'
2025-05-10T21:34:49.791+08:00  INFO 11054 --- [Sprint-book-demo] [http-nio-8080-exec-1] o.s.web.servlet.DispatcherServlet        : Initializing Servlet 'dispatcherServlet'
2025-05-10T21:34:49.792+08:00  INFO 11054 --- [Sprint-book-demo] [http-nio-8080-exec-1] o.s.web.servlet.DispatcherServlet        : Completed initialization in 1 ms
2025-05-10T21:34:49.857+08:00  INFO 11054 --- [Sprint-book-demo] [http-nio-8080-exec-1] c.k.s.controller.BookController          : 添加图书：BookInfo(id=null, bookName=QQQ, author=chen, count=20, price=15, publish=Lab, status=1, createTime=null, updateTime=null)
2025-05-10T21:34:49.869+08:00  INFO 11054 --- [Sprint-book-demo] [http-nio-8080-exec-1] com.zaxxer.hikari.HikariDataSource       : HikariPool-1 - Starting...
2025-05-10T21:34:49.946+08:00  INFO 11054 --- [Sprint-book-demo] [http-nio-8080-exec-1] com.zaxxer.hikari.pool.HikariPool        : HikariPool-1 - Added connection com.mysql.cj.jdbc.ConnectionImpl@48396e6
2025-05-10T21:34:49.947+08:00  INFO 11054 --- [Sprint-book-demo] [http-nio-8080-exec-1] com.zaxxer.hikari.HikariDataSource       : HikariPool-1 - Start completed.
