2025-06-03T21:54:12.067+08:00  INFO 89661 --- [Spring-blog-demo] [main] c.k.springblogdemo.SecurityUtilTest      : Starting SecurityUtilTest using Java 17.0.11 with PID 89661 (started by kevinqiu in /Users/kevinqiu/Desktop/JavaToGithub/JavaEE_Pro/Spring-blog-demo)
2025-06-03T21:54:12.068+08:00  INFO 89661 --- [Spring-blog-demo] [main] c.k.springblogdemo.SecurityUtilTest      : The following 1 profile is active: "prod"
2025-06-03T21:54:12.950+08:00  INFO 89661 --- [Spring-blog-demo] [main] c.k.springblogdemo.SecurityUtilTest      : Started SecurityUtilTest in 1.072 seconds (process running for 1.555)
2025-06-03T21:54:13.402+08:00  INFO 89661 --- [Spring-blog-demo] [main] com.zaxxer.hikari.HikariDataSource       : HikariPool-1 - Starting...
2025-06-03T21:54:13.525+08:00  INFO 89661 --- [Spring-blog-demo] [main] com.zaxxer.hikari.pool.HikariPool        : HikariPool-1 - Added connection com.mysql.cj.jdbc.ConnectionImpl@651caa2e
2025-06-03T21:54:13.526+08:00  INFO 89661 --- [Spring-blog-demo] [main] com.zaxxer.hikari.HikariDataSource       : HikariPool-1 - Start completed.
2025-06-03T21:54:13.599+08:00  INFO 89661 --- [Spring-blog-demo] [main] t.c.s.AnnotationConfigContextLoaderUtils : Could not detect default configuration classes for test class [com.kevinqiu.springblogdemo.SpringBlogDemoApplicationTests]: SpringBlogDemoApplicationTests does not declare any static, non-private, non-final, nested classes annotated with @Configuration.
2025-06-03T21:54:13.600+08:00  INFO 89661 --- [Spring-blog-demo] [main] .b.t.c.SpringBootTestContextBootstrapper : Found @SpringBootConfiguration com.kevinqiu.springblogdemo.SpringBlogDemoApplication for test class com.kevinqiu.springblogdemo.SpringBlogDemoApplicationTests
2025-06-03T21:54:13.606+08:00  INFO 89661 --- [Spring-blog-demo] [main] t.c.s.AnnotationConfigContextLoaderUtils : Could not detect default configuration classes for test class [com.kevinqiu.springblogdemo.JWTUtilsTest]: JWTUtilsTest does not declare any static, non-private, non-final, nested classes annotated with @Configuration.
2025-06-03T21:54:13.607+08:00  INFO 89661 --- [Spring-blog-demo] [main] .b.t.c.SpringBootTestContextBootstrapper : Found @SpringBootConfiguration com.kevinqiu.springblogdemo.SpringBlogDemoApplication for test class com.kevinqiu.springblogdemo.JWTUtilsTest
2025-06-03T21:54:13.679+08:00  INFO 89661 --- [Spring-blog-demo] [SpringApplicationShutdownHook] com.zaxxer.hikari.HikariDataSource       : HikariPool-1 - Shutdown initiated...
2025-06-03T21:54:13.704+08:00  INFO 89661 --- [Spring-blog-demo] [SpringApplicationShutdownHook] com.zaxxer.hikari.HikariDataSource       : HikariPool-1 - Shutdown completed.
2025-06-03T21:55:36.419+08:00  INFO 90134 --- [Spring-blog-demo] [main] c.k.springblogdemo.SecurityUtilTest      : Starting SecurityUtilTest using Java 17.0.11 with PID 90134 (started by kevinqiu in /Users/kevinqiu/Desktop/JavaToGithub/JavaEE_Pro/Spring-blog-demo)
2025-06-03T21:55:36.420+08:00  INFO 90134 --- [Spring-blog-demo] [main] c.k.springblogdemo.SecurityUtilTest      : The following 1 profile is active: "prod"
2025-06-03T21:55:37.194+08:00  INFO 90134 --- [Spring-blog-demo] [main] c.k.springblogdemo.SecurityUtilTest      : Started SecurityUtilTest in 0.955 seconds (process running for 1.464)
2025-06-03T21:55:37.606+08:00  INFO 90134 --- [Spring-blog-demo] [main] com.zaxxer.hikari.HikariDataSource       : HikariPool-1 - Starting...
2025-06-03T21:55:38.738+08:00  INFO 90134 --- [Spring-blog-demo] [main] t.c.s.AnnotationConfigContextLoaderUtils : Could not detect default configuration classes for test class [com.kevinqiu.springblogdemo.SpringBlogDemoApplicationTests]: SpringBlogDemoApplicationTests does not declare any static, non-private, non-final, nested classes annotated with @Configuration.
2025-06-03T21:55:38.740+08:00  INFO 90134 --- [Spring-blog-demo] [main] .b.t.c.SpringBootTestContextBootstrapper : Found @SpringBootConfiguration com.kevinqiu.springblogdemo.SpringBlogDemoApplication for test class com.kevinqiu.springblogdemo.SpringBlogDemoApplicationTests
2025-06-03T21:55:38.747+08:00  INFO 90134 --- [Spring-blog-demo] [main] t.c.s.AnnotationConfigContextLoaderUtils : Could not detect default configuration classes for test class [com.kevinqiu.springblogdemo.JWTUtilsTest]: JWTUtilsTest does not declare any static, non-private, non-final, nested classes annotated with @Configuration.
2025-06-03T21:55:38.748+08:00  INFO 90134 --- [Spring-blog-demo] [main] .b.t.c.SpringBootTestContextBootstrapper : Found @SpringBootConfiguration com.kevinqiu.springblogdemo.SpringBlogDemoApplication for test class com.kevinqiu.springblogdemo.JWTUtilsTest
2025-06-03T21:56:45.888+08:00  INFO 90474 --- [Spring-blog-demo] [main] c.k.springblogdemo.SecurityUtilTest      : Starting SecurityUtilTest using Java 17.0.11 with PID 90474 (started by kevinqiu in /Users/kevinqiu/Desktop/JavaToGithub/JavaEE_Pro/Spring-blog-demo)
2025-06-03T21:56:45.889+08:00  INFO 90474 --- [Spring-blog-demo] [main] c.k.springblogdemo.SecurityUtilTest      : The following 1 profile is active: "prod"
2025-06-03T21:56:46.707+08:00  INFO 90474 --- [Spring-blog-demo] [main] c.k.springblogdemo.SecurityUtilTest      : Started SecurityUtilTest in 1.011 seconds (process running for 1.49)
2025-06-03T21:56:47.144+08:00  INFO 90474 --- [Spring-blog-demo] [main] com.zaxxer.hikari.HikariDataSource       : HikariPool-1 - Starting...
2025-06-03T21:56:48.286+08:00  INFO 90474 --- [Spring-blog-demo] [main] t.c.s.AnnotationConfigContextLoaderUtils : Could not detect default configuration classes for test class [com.kevinqiu.springblogdemo.SpringBlogDemoApplicationTests]: SpringBlogDemoApplicationTests does not declare any static, non-private, non-final, nested classes annotated with @Configuration.
2025-06-03T21:56:48.287+08:00  INFO 90474 --- [Spring-blog-demo] [main] .b.t.c.SpringBootTestContextBootstrapper : Found @SpringBootConfiguration com.kevinqiu.springblogdemo.SpringBlogDemoApplication for test class com.kevinqiu.springblogdemo.SpringBlogDemoApplicationTests
2025-06-03T21:56:48.294+08:00  INFO 90474 --- [Spring-blog-demo] [main] t.c.s.AnnotationConfigContextLoaderUtils : Could not detect default configuration classes for test class [com.kevinqiu.springblogdemo.JWTUtilsTest]: JWTUtilsTest does not declare any static, non-private, non-final, nested classes annotated with @Configuration.
2025-06-03T21:56:48.295+08:00  INFO 90474 --- [Spring-blog-demo] [main] .b.t.c.SpringBootTestContextBootstrapper : Found @SpringBootConfiguration com.kevinqiu.springblogdemo.SpringBlogDemoApplication for test class com.kevinqiu.springblogdemo.JWTUtilsTest
2025-06-03T21:59:30.516+08:00  INFO 91426 --- [Spring-blog-demo] [main] c.k.springblogdemo.SecurityUtilTest      : Starting SecurityUtilTest using Java 17.0.11 with PID 91426 (started by kevinqiu in /Users/kevinqiu/Desktop/JavaToGithub/JavaEE_Pro/Spring-blog-demo)
2025-06-03T21:59:30.518+08:00  INFO 91426 --- [Spring-blog-demo] [main] c.k.springblogdemo.SecurityUtilTest      : The following 1 profile is active: "prod"
2025-06-03T21:59:31.311+08:00  INFO 91426 --- [Spring-blog-demo] [main] c.k.springblogdemo.SecurityUtilTest      : Started SecurityUtilTest in 1.004 seconds (process running for 1.479)
2025-06-03T21:59:31.751+08:00  INFO 91426 --- [Spring-blog-demo] [main] com.zaxxer.hikari.HikariDataSource       : HikariPool-1 - Starting...
2025-06-03T21:59:32.869+08:00  INFO 91426 --- [Spring-blog-demo] [main] t.c.s.AnnotationConfigContextLoaderUtils : Could not detect default configuration classes for test class [com.kevinqiu.springblogdemo.SpringBlogDemoApplicationTests]: SpringBlogDemoApplicationTests does not declare any static, non-private, non-final, nested classes annotated with @Configuration.
2025-06-03T21:59:32.870+08:00  INFO 91426 --- [Spring-blog-demo] [main] .b.t.c.SpringBootTestContextBootstrapper : Found @SpringBootConfiguration com.kevinqiu.springblogdemo.SpringBlogDemoApplication for test class com.kevinqiu.springblogdemo.SpringBlogDemoApplicationTests
2025-06-03T21:59:32.876+08:00  INFO 91426 --- [Spring-blog-demo] [main] t.c.s.AnnotationConfigContextLoaderUtils : Could not detect default configuration classes for test class [com.kevinqiu.springblogdemo.JWTUtilsTest]: JWTUtilsTest does not declare any static, non-private, non-final, nested classes annotated with @Configuration.
2025-06-03T21:59:32.876+08:00  INFO 91426 --- [Spring-blog-demo] [main] .b.t.c.SpringBootTestContextBootstrapper : Found @SpringBootConfiguration com.kevinqiu.springblogdemo.SpringBlogDemoApplication for test class com.kevinqiu.springblogdemo.JWTUtilsTest
2025-06-03T22:09:10.550+08:00  INFO 95102 --- [Spring-blog-demo] [main] c.k.s.SpringBlogDemoApplication          : Starting SpringBlogDemoApplication using Java 17.0.11 with PID 95102 (/Users/kevinqiu/Desktop/JavaToGithub/JavaEE_Pro/Spring-blog-demo/target/classes started by kevinqiu in /Users/kevinqiu/Desktop/JavaToGithub/JavaEE_Pro/Spring-blog-demo)
2025-06-03T22:09:10.552+08:00  INFO 95102 --- [Spring-blog-demo] [main] c.k.s.SpringBlogDemoApplication          : The following 1 profile is active: "prod"
2025-06-03T22:09:11.036+08:00  INFO 95102 --- [Spring-blog-demo] [main] o.s.b.w.embedded.tomcat.TomcatWebServer  : Tomcat initialized with port 8080 (http)
2025-06-03T22:09:11.045+08:00  INFO 95102 --- [Spring-blog-demo] [main] o.apache.catalina.core.StandardService   : Starting service [Tomcat]
2025-06-03T22:09:11.045+08:00  INFO 95102 --- [Spring-blog-demo] [main] o.apache.catalina.core.StandardEngine    : Starting Servlet engine: [Apache Tomcat/10.1.41]
2025-06-03T22:09:11.069+08:00  INFO 95102 --- [Spring-blog-demo] [main] o.a.c.c.C.[Tomcat].[localhost].[/]       : Initializing Spring embedded WebApplicationContext
2025-06-03T22:09:11.070+08:00  INFO 95102 --- [Spring-blog-demo] [main] w.s.c.ServletWebServerApplicationContext : Root WebApplicationContext: initialization completed in 496 ms
2025-06-03T22:09:11.391+08:00  WARN 95102 --- [Spring-blog-demo] [main] ConfigServletWebServerApplicationContext : Exception encountered during context initialization - cancelling refresh attempt: org.springframework.context.ApplicationContextException: Failed to start bean 'webServerStartStop'
2025-06-03T22:09:11.399+08:00  INFO 95102 --- [Spring-blog-demo] [main] .s.b.a.l.ConditionEvaluationReportLogger : 

Error starting ApplicationContext. To display the condition evaluation report re-run your application with 'debug' enabled.
2025-06-03T22:09:11.405+08:00 ERROR 95102 --- [Spring-blog-demo] [main] o.s.b.d.LoggingFailureAnalysisReporter   : 

***************************
APPLICATION FAILED TO START
***************************

Description:

Web server failed to start. Port 8080 was already in use.

Action:

Identify and stop the process that's listening on port 8080 or configure this application to listen on another port.

2025-06-03T22:09:27.581+08:00  INFO 95255 --- [Spring-blog-demo] [main] c.k.s.SpringBlogDemoApplication          : Starting SpringBlogDemoApplication using Java 17.0.11 with PID 95255 (/Users/kevinqiu/Desktop/JavaToGithub/JavaEE_Pro/Spring-blog-demo/target/classes started by kevinqiu in /Users/kevinqiu/Desktop/JavaToGithub/JavaEE_Pro/Spring-blog-demo)
2025-06-03T22:09:27.582+08:00  INFO 95255 --- [Spring-blog-demo] [main] c.k.s.SpringBlogDemoApplication          : The following 1 profile is active: "dev"
2025-06-03T22:09:28.063+08:00  INFO 95255 --- [Spring-blog-demo] [main] o.s.b.w.embedded.tomcat.TomcatWebServer  : Tomcat initialized with port 8080 (http)
2025-06-03T22:09:28.070+08:00  INFO 95255 --- [Spring-blog-demo] [main] o.apache.catalina.core.StandardService   : Starting service [Tomcat]
2025-06-03T22:09:28.071+08:00  INFO 95255 --- [Spring-blog-demo] [main] o.apache.catalina.core.StandardEngine    : Starting Servlet engine: [Apache Tomcat/10.1.41]
2025-06-03T22:09:28.090+08:00  INFO 95255 --- [Spring-blog-demo] [main] o.a.c.c.C.[Tomcat].[localhost].[/]       : Initializing Spring embedded WebApplicationContext
2025-06-03T22:09:28.090+08:00  INFO 95255 --- [Spring-blog-demo] [main] w.s.c.ServletWebServerApplicationContext : Root WebApplicationContext: initialization completed in 487 ms
2025-06-03T22:09:28.408+08:00  WARN 95255 --- [Spring-blog-demo] [main] ConfigServletWebServerApplicationContext : Exception encountered during context initialization - cancelling refresh attempt: org.springframework.context.ApplicationContextException: Failed to start bean 'webServerStartStop'
2025-06-03T22:09:28.415+08:00  INFO 95255 --- [Spring-blog-demo] [main] .s.b.a.l.ConditionEvaluationReportLogger : 

Error starting ApplicationContext. To display the condition evaluation report re-run your application with 'debug' enabled.
2025-06-03T22:09:28.423+08:00 ERROR 95255 --- [Spring-blog-demo] [main] o.s.b.d.LoggingFailureAnalysisReporter   : 

***************************
APPLICATION FAILED TO START
***************************

Description:

Web server failed to start. Port 8080 was already in use.

Action:

Identify and stop the process that's listening on port 8080 or configure this application to listen on another port.

2025-06-03T22:09:46.946+08:00  INFO 95429 --- [Spring-blog-demo] [main] c.k.s.SpringBlogDemoApplication          : Starting SpringBlogDemoApplication using Java 17.0.11 with PID 95429 (/Users/kevinqiu/Desktop/JavaToGithub/JavaEE_Pro/Spring-blog-demo/target/classes started by kevinqiu in /Users/kevinqiu/Desktop/JavaToGithub/JavaEE_Pro/Spring-blog-demo)
2025-06-03T22:09:46.948+08:00  INFO 95429 --- [Spring-blog-demo] [main] c.k.s.SpringBlogDemoApplication          : The following 1 profile is active: "dev"
2025-06-03T22:09:47.401+08:00  INFO 95429 --- [Spring-blog-demo] [main] o.s.b.w.embedded.tomcat.TomcatWebServer  : Tomcat initialized with port 8080 (http)
2025-06-03T22:09:47.408+08:00  INFO 95429 --- [Spring-blog-demo] [main] o.apache.catalina.core.StandardService   : Starting service [Tomcat]
2025-06-03T22:09:47.409+08:00  INFO 95429 --- [Spring-blog-demo] [main] o.apache.catalina.core.StandardEngine    : Starting Servlet engine: [Apache Tomcat/10.1.41]
2025-06-03T22:09:47.427+08:00  INFO 95429 --- [Spring-blog-demo] [main] o.a.c.c.C.[Tomcat].[localhost].[/]       : Initializing Spring embedded WebApplicationContext
2025-06-03T22:09:47.427+08:00  INFO 95429 --- [Spring-blog-demo] [main] w.s.c.ServletWebServerApplicationContext : Root WebApplicationContext: initialization completed in 457 ms
2025-06-03T22:09:47.759+08:00  WARN 95429 --- [Spring-blog-demo] [main] ConfigServletWebServerApplicationContext : Exception encountered during context initialization - cancelling refresh attempt: org.springframework.context.ApplicationContextException: Failed to start bean 'webServerStartStop'
2025-06-03T22:09:47.766+08:00  INFO 95429 --- [Spring-blog-demo] [main] .s.b.a.l.ConditionEvaluationReportLogger : 

Error starting ApplicationContext. To display the condition evaluation report re-run your application with 'debug' enabled.
2025-06-03T22:09:47.773+08:00 ERROR 95429 --- [Spring-blog-demo] [main] o.s.b.d.LoggingFailureAnalysisReporter   : 

***************************
APPLICATION FAILED TO START
***************************

Description:

Web server failed to start. Port 8080 was already in use.

Action:

Identify and stop the process that's listening on port 8080 or configure this application to listen on another port.

2025-06-03T22:10:33.169+08:00  INFO 95719 --- [Spring-blog-demo] [main] c.k.s.SpringBlogDemoApplication          : Starting SpringBlogDemoApplication using Java 17.0.11 with PID 95719 (/Users/kevinqiu/Desktop/JavaToGithub/JavaEE_Pro/Spring-blog-demo/target/classes started by kevinqiu in /Users/kevinqiu/Desktop/JavaToGithub/JavaEE_Pro/Spring-blog-demo)
2025-06-03T22:10:33.171+08:00  INFO 95719 --- [Spring-blog-demo] [main] c.k.s.SpringBlogDemoApplication          : The following 1 profile is active: "dev"
2025-06-03T22:10:33.708+08:00  INFO 95719 --- [Spring-blog-demo] [main] o.s.b.w.embedded.tomcat.TomcatWebServer  : Tomcat initialized with port 8080 (http)
2025-06-03T22:10:33.718+08:00  INFO 95719 --- [Spring-blog-demo] [main] o.apache.catalina.core.StandardService   : Starting service [Tomcat]
2025-06-03T22:10:33.719+08:00  INFO 95719 --- [Spring-blog-demo] [main] o.apache.catalina.core.StandardEngine    : Starting Servlet engine: [Apache Tomcat/10.1.41]
2025-06-03T22:10:33.740+08:00  INFO 95719 --- [Spring-blog-demo] [main] o.a.c.c.C.[Tomcat].[localhost].[/]       : Initializing Spring embedded WebApplicationContext
2025-06-03T22:10:33.745+08:00  INFO 95719 --- [Spring-blog-demo] [main] w.s.c.ServletWebServerApplicationContext : Root WebApplicationContext: initialization completed in 545 ms
2025-06-03T22:10:34.086+08:00  WARN 95719 --- [Spring-blog-demo] [main] ConfigServletWebServerApplicationContext : Exception encountered during context initialization - cancelling refresh attempt: org.springframework.context.ApplicationContextException: Failed to start bean 'webServerStartStop'
2025-06-03T22:10:34.097+08:00  INFO 95719 --- [Spring-blog-demo] [main] .s.b.a.l.ConditionEvaluationReportLogger : 

Error starting ApplicationContext. To display the condition evaluation report re-run your application with 'debug' enabled.
2025-06-03T22:10:34.105+08:00 ERROR 95719 --- [Spring-blog-demo] [main] o.s.b.d.LoggingFailureAnalysisReporter   : 

***************************
APPLICATION FAILED TO START
***************************

Description:

Web server failed to start. Port 8080 was already in use.

Action:

Identify and stop the process that's listening on port 8080 or configure this application to listen on another port.

2025-06-03T22:12:26.541+08:00  INFO 96692 --- [Spring-blog-demo] [main] c.k.s.SpringBlogDemoApplication          : Starting SpringBlogDemoApplication using Java 17.0.11 with PID 96692 (/Users/kevinqiu/Desktop/JavaToGithub/JavaEE_Pro/Spring-blog-demo/target/classes started by kevinqiu in /Users/kevinqiu/Desktop/JavaToGithub/JavaEE_Pro/Spring-blog-demo)
2025-06-03T22:12:26.543+08:00  INFO 96692 --- [Spring-blog-demo] [main] c.k.s.SpringBlogDemoApplication          : The following 1 profile is active: "dev"
2025-06-03T22:12:27.065+08:00  INFO 96692 --- [Spring-blog-demo] [main] o.s.b.w.embedded.tomcat.TomcatWebServer  : Tomcat initialized with port 8080 (http)
2025-06-03T22:12:27.073+08:00  INFO 96692 --- [Spring-blog-demo] [main] o.apache.catalina.core.StandardService   : Starting service [Tomcat]
2025-06-03T22:12:27.073+08:00  INFO 96692 --- [Spring-blog-demo] [main] o.apache.catalina.core.StandardEngine    : Starting Servlet engine: [Apache Tomcat/10.1.41]
2025-06-03T22:12:27.097+08:00  INFO 96692 --- [Spring-blog-demo] [main] o.a.c.c.C.[Tomcat].[localhost].[/]       : Initializing Spring embedded WebApplicationContext
2025-06-03T22:12:27.097+08:00  INFO 96692 --- [Spring-blog-demo] [main] w.s.c.ServletWebServerApplicationContext : Root WebApplicationContext: initialization completed in 531 ms
2025-06-03T22:12:27.444+08:00  WARN 96692 --- [Spring-blog-demo] [main] ConfigServletWebServerApplicationContext : Exception encountered during context initialization - cancelling refresh attempt: org.springframework.context.ApplicationContextException: Failed to start bean 'webServerStartStop'
2025-06-03T22:12:27.452+08:00  INFO 96692 --- [Spring-blog-demo] [main] .s.b.a.l.ConditionEvaluationReportLogger : 

Error starting ApplicationContext. To display the condition evaluation report re-run your application with 'debug' enabled.
2025-06-03T22:12:27.459+08:00 ERROR 96692 --- [Spring-blog-demo] [main] o.s.b.d.LoggingFailureAnalysisReporter   : 

***************************
APPLICATION FAILED TO START
***************************

Description:

Web server failed to start. Port 8080 was already in use.

Action:

Identify and stop the process that's listening on port 8080 or configure this application to listen on another port.

2025-06-03T22:13:54.542+08:00  INFO 97235 --- [Spring-blog-demo] [main] c.k.s.SpringBlogDemoApplication          : Starting SpringBlogDemoApplication using Java 17.0.11 with PID 97235 (/Users/kevinqiu/Desktop/JavaToGithub/JavaEE_Pro/Spring-blog-demo/target/classes started by kevinqiu in /Users/kevinqiu/Desktop/JavaToGithub/JavaEE_Pro/Spring-blog-demo)
2025-06-03T22:13:54.544+08:00  INFO 97235 --- [Spring-blog-demo] [main] c.k.s.SpringBlogDemoApplication          : The following 1 profile is active: "dev"
2025-06-03T22:13:55.022+08:00  INFO 97235 --- [Spring-blog-demo] [main] o.s.b.w.embedded.tomcat.TomcatWebServer  : Tomcat initialized with port 8080 (http)
2025-06-03T22:13:55.029+08:00  INFO 97235 --- [Spring-blog-demo] [main] o.apache.catalina.core.StandardService   : Starting service [Tomcat]
2025-06-03T22:13:55.029+08:00  INFO 97235 --- [Spring-blog-demo] [main] o.apache.catalina.core.StandardEngine    : Starting Servlet engine: [Apache Tomcat/10.1.41]
2025-06-03T22:13:55.046+08:00  INFO 97235 --- [Spring-blog-demo] [main] o.a.c.c.C.[Tomcat].[localhost].[/]       : Initializing Spring embedded WebApplicationContext
2025-06-03T22:13:55.046+08:00  INFO 97235 --- [Spring-blog-demo] [main] w.s.c.ServletWebServerApplicationContext : Root WebApplicationContext: initialization completed in 477 ms
2025-06-03T22:13:55.356+08:00  WARN 97235 --- [Spring-blog-demo] [main] ConfigServletWebServerApplicationContext : Exception encountered during context initialization - cancelling refresh attempt: org.springframework.context.ApplicationContextException: Failed to start bean 'webServerStartStop'
2025-06-03T22:13:55.364+08:00  INFO 97235 --- [Spring-blog-demo] [main] .s.b.a.l.ConditionEvaluationReportLogger : 

Error starting ApplicationContext. To display the condition evaluation report re-run your application with 'debug' enabled.
2025-06-03T22:13:55.371+08:00 ERROR 97235 --- [Spring-blog-demo] [main] o.s.b.d.LoggingFailureAnalysisReporter   : 

***************************
APPLICATION FAILED TO START
***************************

Description:

Web server failed to start. Port 8080 was already in use.

Action:

Identify and stop the process that's listening on port 8080 or configure this application to listen on another port.

2025-06-03T22:14:31.617+08:00  INFO 97542 --- [Spring-blog-demo] [main] c.k.s.SpringBlogDemoApplication          : Starting SpringBlogDemoApplication using Java 17.0.11 with PID 97542 (/Users/kevinqiu/Desktop/JavaToGithub/JavaEE_Pro/Spring-blog-demo/target/classes started by kevinqiu in /Users/kevinqiu/Desktop/JavaToGithub/JavaEE_Pro/Spring-blog-demo)
2025-06-03T22:14:31.620+08:00  INFO 97542 --- [Spring-blog-demo] [main] c.k.s.SpringBlogDemoApplication          : The following 1 profile is active: "dev"
2025-06-03T22:14:32.247+08:00  INFO 97542 --- [Spring-blog-demo] [main] o.s.b.w.embedded.tomcat.TomcatWebServer  : Tomcat initialized with port 8080 (http)
2025-06-03T22:14:32.256+08:00  INFO 97542 --- [Spring-blog-demo] [main] o.apache.catalina.core.StandardService   : Starting service [Tomcat]
2025-06-03T22:14:32.257+08:00  INFO 97542 --- [Spring-blog-demo] [main] o.apache.catalina.core.StandardEngine    : Starting Servlet engine: [Apache Tomcat/10.1.41]
2025-06-03T22:14:32.282+08:00  INFO 97542 --- [Spring-blog-demo] [main] o.a.c.c.C.[Tomcat].[localhost].[/]       : Initializing Spring embedded WebApplicationContext
2025-06-03T22:14:32.283+08:00  INFO 97542 --- [Spring-blog-demo] [main] w.s.c.ServletWebServerApplicationContext : Root WebApplicationContext: initialization completed in 628 ms
2025-06-03T22:14:32.654+08:00  WARN 97542 --- [Spring-blog-demo] [main] ConfigServletWebServerApplicationContext : Exception encountered during context initialization - cancelling refresh attempt: org.springframework.context.ApplicationContextException: Failed to start bean 'webServerStartStop'
2025-06-03T22:14:32.663+08:00  INFO 97542 --- [Spring-blog-demo] [main] .s.b.a.l.ConditionEvaluationReportLogger : 

Error starting ApplicationContext. To display the condition evaluation report re-run your application with 'debug' enabled.
2025-06-03T22:14:32.671+08:00 ERROR 97542 --- [Spring-blog-demo] [main] o.s.b.d.LoggingFailureAnalysisReporter   : 

***************************
APPLICATION FAILED TO START
***************************

Description:

Web server failed to start. Port 8080 was already in use.

Action:

Identify and stop the process that's listening on port 8080 or configure this application to listen on another port.

2025-06-03T22:15:47.302+08:00  INFO 98015 --- [Spring-blog-demo] [main] c.k.s.SpringBlogDemoApplication          : Starting SpringBlogDemoApplication using Java 17.0.11 with PID 98015 (/Users/kevinqiu/Desktop/JavaToGithub/JavaEE_Pro/Spring-blog-demo/target/classes started by kevinqiu in /Users/kevinqiu/Desktop/JavaToGithub/JavaEE_Pro/Spring-blog-demo)
2025-06-03T22:15:47.303+08:00  INFO 98015 --- [Spring-blog-demo] [main] c.k.s.SpringBlogDemoApplication          : The following 1 profile is active: "dev"
2025-06-03T22:15:47.796+08:00  INFO 98015 --- [Spring-blog-demo] [main] o.s.b.w.embedded.tomcat.TomcatWebServer  : Tomcat initialized with port 8080 (http)
2025-06-03T22:15:47.804+08:00  INFO 98015 --- [Spring-blog-demo] [main] o.apache.catalina.core.StandardService   : Starting service [Tomcat]
2025-06-03T22:15:47.804+08:00  INFO 98015 --- [Spring-blog-demo] [main] o.apache.catalina.core.StandardEngine    : Starting Servlet engine: [Apache Tomcat/10.1.41]
2025-06-03T22:15:47.822+08:00  INFO 98015 --- [Spring-blog-demo] [main] o.a.c.c.C.[Tomcat].[localhost].[/]       : Initializing Spring embedded WebApplicationContext
2025-06-03T22:15:47.822+08:00  INFO 98015 --- [Spring-blog-demo] [main] w.s.c.ServletWebServerApplicationContext : Root WebApplicationContext: initialization completed in 499 ms
2025-06-03T22:15:48.174+08:00  WARN 98015 --- [Spring-blog-demo] [main] ConfigServletWebServerApplicationContext : Exception encountered during context initialization - cancelling refresh attempt: org.springframework.context.ApplicationContextException: Failed to start bean 'webServerStartStop'
2025-06-03T22:15:48.182+08:00  INFO 98015 --- [Spring-blog-demo] [main] .s.b.a.l.ConditionEvaluationReportLogger : 

Error starting ApplicationContext. To display the condition evaluation report re-run your application with 'debug' enabled.
2025-06-03T22:15:48.190+08:00 ERROR 98015 --- [Spring-blog-demo] [main] o.s.b.d.LoggingFailureAnalysisReporter   : 

***************************
APPLICATION FAILED TO START
***************************

Description:

Web server failed to start. Port 8080 was already in use.

Action:

Identify and stop the process that's listening on port 8080 or configure this application to listen on another port.

2025-06-03T22:16:01.855+08:00  INFO 98143 --- [Spring-blog-demo] [main] c.k.s.SpringBlogDemoApplication          : Starting SpringBlogDemoApplication using Java 17.0.11 with PID 98143 (/Users/kevinqiu/Desktop/JavaToGithub/JavaEE_Pro/Spring-blog-demo/target/classes started by kevinqiu in /Users/kevinqiu/Desktop/JavaToGithub/JavaEE_Pro/Spring-blog-demo)
2025-06-03T22:16:01.857+08:00  INFO 98143 --- [Spring-blog-demo] [main] c.k.s.SpringBlogDemoApplication          : The following 1 profile is active: "dev"
2025-06-03T22:16:02.358+08:00  INFO 98143 --- [Spring-blog-demo] [main] o.s.b.w.embedded.tomcat.TomcatWebServer  : Tomcat initialized with port 8080 (http)
2025-06-03T22:16:02.365+08:00  INFO 98143 --- [Spring-blog-demo] [main] o.apache.catalina.core.StandardService   : Starting service [Tomcat]
2025-06-03T22:16:02.365+08:00  INFO 98143 --- [Spring-blog-demo] [main] o.apache.catalina.core.StandardEngine    : Starting Servlet engine: [Apache Tomcat/10.1.41]
2025-06-03T22:16:02.388+08:00  INFO 98143 --- [Spring-blog-demo] [main] o.a.c.c.C.[Tomcat].[localhost].[/]       : Initializing Spring embedded WebApplicationContext
2025-06-03T22:16:02.388+08:00  INFO 98143 --- [Spring-blog-demo] [main] w.s.c.ServletWebServerApplicationContext : Root WebApplicationContext: initialization completed in 507 ms
2025-06-03T22:16:02.756+08:00  WARN 98143 --- [Spring-blog-demo] [main] ConfigServletWebServerApplicationContext : Exception encountered during context initialization - cancelling refresh attempt: org.springframework.context.ApplicationContextException: Failed to start bean 'webServerStartStop'
2025-06-03T22:16:02.764+08:00  INFO 98143 --- [Spring-blog-demo] [main] .s.b.a.l.ConditionEvaluationReportLogger : 

Error starting ApplicationContext. To display the condition evaluation report re-run your application with 'debug' enabled.
2025-06-03T22:16:02.774+08:00 ERROR 98143 --- [Spring-blog-demo] [main] o.s.b.d.LoggingFailureAnalysisReporter   : 

***************************
APPLICATION FAILED TO START
***************************

Description:

Web server failed to start. Port 8080 was already in use.

Action:

Identify and stop the process that's listening on port 8080 or configure this application to listen on another port.

2025-06-03T22:16:46.326+08:00  INFO 98618 --- [Spring-blog-demo] [main] c.k.s.SpringBlogDemoApplication          : Starting SpringBlogDemoApplication using Java 17.0.11 with PID 98618 (/Users/kevinqiu/Desktop/JavaToGithub/JavaEE_Pro/Spring-blog-demo/target/classes started by kevinqiu in /Users/kevinqiu/Desktop/JavaToGithub/JavaEE_Pro/Spring-blog-demo)
2025-06-03T22:16:46.328+08:00  INFO 98618 --- [Spring-blog-demo] [main] c.k.s.SpringBlogDemoApplication          : No active profile set, falling back to 1 default profile: "default"
2025-06-03T22:16:46.831+08:00  INFO 98618 --- [Spring-blog-demo] [main] o.s.b.w.embedded.tomcat.TomcatWebServer  : Tomcat initialized with port 8080 (http)
2025-06-03T22:16:46.838+08:00  INFO 98618 --- [Spring-blog-demo] [main] o.apache.catalina.core.StandardService   : Starting service [Tomcat]
2025-06-03T22:16:46.838+08:00  INFO 98618 --- [Spring-blog-demo] [main] o.apache.catalina.core.StandardEngine    : Starting Servlet engine: [Apache Tomcat/10.1.41]
2025-06-03T22:16:46.858+08:00  INFO 98618 --- [Spring-blog-demo] [main] o.a.c.c.C.[Tomcat].[localhost].[/]       : Initializing Spring embedded WebApplicationContext
2025-06-03T22:16:46.858+08:00  INFO 98618 --- [Spring-blog-demo] [main] w.s.c.ServletWebServerApplicationContext : Root WebApplicationContext: initialization completed in 510 ms
2025-06-03T22:16:47.210+08:00  WARN 98618 --- [Spring-blog-demo] [main] ConfigServletWebServerApplicationContext : Exception encountered during context initialization - cancelling refresh attempt: org.springframework.context.ApplicationContextException: Failed to start bean 'webServerStartStop'
2025-06-03T22:16:47.219+08:00  INFO 98618 --- [Spring-blog-demo] [main] .s.b.a.l.ConditionEvaluationReportLogger : 

Error starting ApplicationContext. To display the condition evaluation report re-run your application with 'debug' enabled.
2025-06-03T22:16:47.226+08:00 ERROR 98618 --- [Spring-blog-demo] [main] o.s.b.d.LoggingFailureAnalysisReporter   : 

***************************
APPLICATION FAILED TO START
***************************

Description:

Web server failed to start. Port 8080 was already in use.

Action:

Identify and stop the process that's listening on port 8080 or configure this application to listen on another port.

2025-06-03T22:18:35.342+08:00  INFO 99851 --- [Spring-blog-demo] [main] c.k.s.SpringBlogDemoApplication          : Starting SpringBlogDemoApplication using Java 17.0.11 with PID 99851 (/Users/kevinqiu/Desktop/JavaToGithub/JavaEE_Pro/Spring-blog-demo/target/classes started by kevinqiu in /Users/kevinqiu/Desktop/JavaToGithub/JavaEE_Pro/Spring-blog-demo)
2025-06-03T22:18:35.344+08:00  INFO 99851 --- [Spring-blog-demo] [main] c.k.s.SpringBlogDemoApplication          : The following 1 profile is active: "dev"
2025-06-03T22:18:35.852+08:00  INFO 99851 --- [Spring-blog-demo] [main] o.s.b.w.embedded.tomcat.TomcatWebServer  : Tomcat initialized with port 8081 (http)
2025-06-03T22:18:35.859+08:00  INFO 99851 --- [Spring-blog-demo] [main] o.apache.catalina.core.StandardService   : Starting service [Tomcat]
2025-06-03T22:18:35.859+08:00  INFO 99851 --- [Spring-blog-demo] [main] o.apache.catalina.core.StandardEngine    : Starting Servlet engine: [Apache Tomcat/10.1.41]
2025-06-03T22:18:35.881+08:00  INFO 99851 --- [Spring-blog-demo] [main] o.a.c.c.C.[Tomcat].[localhost].[/]       : Initializing Spring embedded WebApplicationContext
2025-06-03T22:18:35.882+08:00  INFO 99851 --- [Spring-blog-demo] [main] w.s.c.ServletWebServerApplicationContext : Root WebApplicationContext: initialization completed in 517 ms
2025-06-03T22:18:36.222+08:00  INFO 99851 --- [Spring-blog-demo] [main] o.s.b.w.embedded.tomcat.TomcatWebServer  : Tomcat started on port 8081 (http) with context path '/'
2025-06-03T22:18:36.227+08:00  INFO 99851 --- [Spring-blog-demo] [main] c.k.s.SpringBlogDemoApplication          : Started SpringBlogDemoApplication in 1.114 seconds (process running for 1.407)
2025-06-03T22:19:00.330+08:00  INFO 99851 --- [Spring-blog-demo] [http-nio-8081-exec-1] o.a.c.c.C.[Tomcat].[localhost].[/]       : Initializing Spring DispatcherServlet 'dispatcherServlet'
2025-06-03T22:19:00.331+08:00  INFO 99851 --- [Spring-blog-demo] [http-nio-8081-exec-1] o.s.web.servlet.DispatcherServlet        : Initializing Servlet 'dispatcherServlet'
2025-06-03T22:19:00.334+08:00  INFO 99851 --- [Spring-blog-demo] [http-nio-8081-exec-1] o.s.web.servlet.DispatcherServlet        : Completed initialization in 3 ms
2025-06-03T22:19:00.717+08:00  INFO 99851 --- [Spring-blog-demo] [http-nio-8081-exec-9] c.k.s.c.interceptor.LoginInterceptor     : 从 Http 中的 header 中获取 userToken: null
2025-06-03T22:19:00.734+08:00  INFO 99851 --- [Spring-blog-demo] [http-nio-8081-exec-9] c.k.s.c.interceptor.LoginInterceptor     : 用户令牌失效！
2025-06-03T22:19:00.737+08:00 ERROR 99851 --- [Spring-blog-demo] [http-nio-8081-exec-9] c.k.s.common.advice.ExceptionAdvice      : 发生 NotLoginException, e:用户令牌失效
2025-06-03T22:19:00.758+08:00  INFO 99851 --- [Spring-blog-demo] [http-nio-8081-exec-10] c.k.s.controller.UserInfoController      : 查询用户信息，userId: null
2025-06-03T22:19:00.822+08:00  INFO 99851 --- [Spring-blog-demo] [http-nio-8081-exec-10] com.zaxxer.hikari.HikariDataSource       : HikariPool-1 - Starting...
2025-06-03T22:19:00.982+08:00  INFO 99851 --- [Spring-blog-demo] [http-nio-8081-exec-10] com.zaxxer.hikari.pool.HikariPool        : HikariPool-1 - Added connection com.mysql.cj.jdbc.ConnectionImpl@51bd3533
2025-06-03T22:19:00.983+08:00  INFO 99851 --- [Spring-blog-demo] [http-nio-8081-exec-10] com.zaxxer.hikari.HikariDataSource       : HikariPool-1 - Start completed.
2025-06-03T22:19:01.043+08:00 ERROR 99851 --- [Spring-blog-demo] [http-nio-8081-exec-10] c.k.s.common.advice.ExceptionAdvice      : 发生 BlogException, e：不存在 userId: null
2025-06-03T22:19:14.926+08:00  INFO 99851 --- [Spring-blog-demo] [http-nio-8081-exec-4] c.k.s.controller.UserInfoController      : 用户登录，username: KevinQiu
2025-06-03T22:20:56.418+08:00  INFO 99851 --- [Spring-blog-demo] [http-nio-8081-exec-9] c.k.s.controller.UserInfoController      : 用户登录，username: KevinQiu
2025-06-03T22:23:03.212+08:00  INFO 2265 --- [Spring-blog-demo] [main] c.k.springblogdemo.SecurityUtilTest      : Starting SecurityUtilTest using Java 17.0.11 with PID 2265 (started by kevinqiu in /Users/kevinqiu/Desktop/JavaToGithub/JavaEE_Pro/Spring-blog-demo)
2025-06-03T22:23:03.213+08:00  INFO 2265 --- [Spring-blog-demo] [main] c.k.springblogdemo.SecurityUtilTest      : The following 1 profile is active: "dev"
2025-06-03T22:23:04.101+08:00  INFO 2265 --- [Spring-blog-demo] [main] c.k.springblogdemo.SecurityUtilTest      : Started SecurityUtilTest in 1.085 seconds (process running for 1.665)
2025-06-03T22:23:15.424+08:00  INFO 2333 --- [Spring-blog-demo] [main] c.k.springblogdemo.SecurityUtilTest      : Starting SecurityUtilTest using Java 17.0.11 with PID 2333 (started by kevinqiu in /Users/kevinqiu/Desktop/JavaToGithub/JavaEE_Pro/Spring-blog-demo)
2025-06-03T22:23:15.426+08:00  INFO 2333 --- [Spring-blog-demo] [main] c.k.springblogdemo.SecurityUtilTest      : The following 1 profile is active: "dev"
2025-06-03T22:23:16.249+08:00  INFO 2333 --- [Spring-blog-demo] [main] c.k.springblogdemo.SecurityUtilTest      : Started SecurityUtilTest in 1.018 seconds (process running for 1.489)
2025-06-03T22:23:47.536+08:00  INFO 2475 --- [Spring-blog-demo] [main] c.k.springblogdemo.SecurityUtilTest      : Starting SecurityUtilTest using Java 17.0.11 with PID 2475 (started by kevinqiu in /Users/kevinqiu/Desktop/JavaToGithub/JavaEE_Pro/Spring-blog-demo)
2025-06-03T22:23:47.537+08:00  INFO 2475 --- [Spring-blog-demo] [main] c.k.springblogdemo.SecurityUtilTest      : The following 1 profile is active: "dev"
2025-06-03T22:23:48.359+08:00  INFO 2475 --- [Spring-blog-demo] [main] c.k.springblogdemo.SecurityUtilTest      : Started SecurityUtilTest in 1.017 seconds (process running for 1.507)
2025-06-03T22:24:04.856+08:00  INFO 2562 --- [Spring-blog-demo] [main] c.k.springblogdemo.SecurityUtilTest      : Starting SecurityUtilTest using Java 17.0.11 with PID 2562 (started by kevinqiu in /Users/kevinqiu/Desktop/JavaToGithub/JavaEE_Pro/Spring-blog-demo)
2025-06-03T22:24:04.859+08:00  INFO 2562 --- [Spring-blog-demo] [main] c.k.springblogdemo.SecurityUtilTest      : The following 1 profile is active: "dev"
2025-06-03T22:24:05.731+08:00  INFO 2562 --- [Spring-blog-demo] [main] c.k.springblogdemo.SecurityUtilTest      : Started SecurityUtilTest in 1.085 seconds (process running for 1.534)
2025-06-03T22:27:05.761+08:00  INFO 99851 --- [Spring-blog-demo] [SpringApplicationShutdownHook] o.s.b.w.e.tomcat.GracefulShutdown        : Commencing graceful shutdown. Waiting for active requests to complete
2025-06-03T22:27:05.765+08:00  INFO 99851 --- [Spring-blog-demo] [tomcat-shutdown] o.s.b.w.e.tomcat.GracefulShutdown        : Graceful shutdown complete
2025-06-03T22:27:05.770+08:00  INFO 99851 --- [Spring-blog-demo] [SpringApplicationShutdownHook] com.zaxxer.hikari.HikariDataSource       : HikariPool-1 - Shutdown initiated...
2025-06-03T22:27:05.777+08:00  INFO 99851 --- [Spring-blog-demo] [SpringApplicationShutdownHook] com.zaxxer.hikari.HikariDataSource       : HikariPool-1 - Shutdown completed.
2025-06-03T22:27:07.093+08:00  INFO 3357 --- [Spring-blog-demo] [main] c.k.s.SpringBlogDemoApplication          : Starting SpringBlogDemoApplication using Java 17.0.11 with PID 3357 (/Users/kevinqiu/Desktop/JavaToGithub/JavaEE_Pro/Spring-blog-demo/target/classes started by kevinqiu in /Users/kevinqiu/Desktop/JavaToGithub/JavaEE_Pro/Spring-blog-demo)
2025-06-03T22:27:07.094+08:00  INFO 3357 --- [Spring-blog-demo] [main] c.k.s.SpringBlogDemoApplication          : The following 1 profile is active: "dev"
2025-06-03T22:27:07.564+08:00  INFO 3357 --- [Spring-blog-demo] [main] o.s.b.w.embedded.tomcat.TomcatWebServer  : Tomcat initialized with port 8081 (http)
2025-06-03T22:27:07.572+08:00  INFO 3357 --- [Spring-blog-demo] [main] o.apache.catalina.core.StandardService   : Starting service [Tomcat]
2025-06-03T22:27:07.573+08:00  INFO 3357 --- [Spring-blog-demo] [main] o.apache.catalina.core.StandardEngine    : Starting Servlet engine: [Apache Tomcat/10.1.41]
2025-06-03T22:27:07.596+08:00  INFO 3357 --- [Spring-blog-demo] [main] o.a.c.c.C.[Tomcat].[localhost].[/]       : Initializing Spring embedded WebApplicationContext
2025-06-03T22:27:07.596+08:00  INFO 3357 --- [Spring-blog-demo] [main] w.s.c.ServletWebServerApplicationContext : Root WebApplicationContext: initialization completed in 481 ms
2025-06-03T22:27:07.941+08:00  INFO 3357 --- [Spring-blog-demo] [main] o.s.b.w.embedded.tomcat.TomcatWebServer  : Tomcat started on port 8081 (http) with context path '/'
2025-06-03T22:27:07.947+08:00  INFO 3357 --- [Spring-blog-demo] [main] c.k.s.SpringBlogDemoApplication          : Started SpringBlogDemoApplication in 1.068 seconds (process running for 1.286)
2025-06-03T22:27:15.481+08:00  INFO 3357 --- [Spring-blog-demo] [http-nio-8081-exec-1] o.a.c.c.C.[Tomcat].[localhost].[/]       : Initializing Spring DispatcherServlet 'dispatcherServlet'
2025-06-03T22:27:15.481+08:00  INFO 3357 --- [Spring-blog-demo] [http-nio-8081-exec-1] o.s.web.servlet.DispatcherServlet        : Initializing Servlet 'dispatcherServlet'
2025-06-03T22:27:15.484+08:00  INFO 3357 --- [Spring-blog-demo] [http-nio-8081-exec-1] o.s.web.servlet.DispatcherServlet        : Completed initialization in 2 ms
2025-06-03T22:27:21.899+08:00  INFO 3357 --- [Spring-blog-demo] [http-nio-8081-exec-8] c.k.s.c.interceptor.LoginInterceptor     : 从 Http 中的 header 中获取 userToken: null
2025-06-03T22:27:21.899+08:00  INFO 3357 --- [Spring-blog-demo] [http-nio-8081-exec-9] c.k.s.c.interceptor.LoginInterceptor     : 从 Http 中的 header 中获取 userToken: null
2025-06-03T22:27:21.910+08:00 ERROR 3357 --- [Spring-blog-demo] [http-nio-8081-exec-8] c.k.s.common.advice.ExceptionAdvice      : 发生 NotLoginException, e:用户令牌获取失败！
2025-06-03T22:27:21.910+08:00 ERROR 3357 --- [Spring-blog-demo] [http-nio-8081-exec-9] c.k.s.common.advice.ExceptionAdvice      : 发生 NotLoginException, e:用户令牌获取失败！
2025-06-03T22:27:31.531+08:00  INFO 3357 --- [Spring-blog-demo] [http-nio-8081-exec-6] c.k.s.controller.UserInfoController      : 用户登录，username: KevinQiu
2025-06-03T22:27:31.579+08:00  INFO 3357 --- [Spring-blog-demo] [http-nio-8081-exec-6] com.zaxxer.hikari.HikariDataSource       : HikariPool-1 - Starting...
2025-06-03T22:27:31.686+08:00  INFO 3357 --- [Spring-blog-demo] [http-nio-8081-exec-6] com.zaxxer.hikari.pool.HikariPool        : HikariPool-1 - Added connection com.mysql.cj.jdbc.ConnectionImpl@18278779
2025-06-03T22:27:31.687+08:00  INFO 3357 --- [Spring-blog-demo] [http-nio-8081-exec-6] com.zaxxer.hikari.HikariDataSource       : HikariPool-1 - Start completed.
2025-06-03T22:28:34.122+08:00  INFO 3357 --- [Spring-blog-demo] [http-nio-8081-exec-1] c.k.s.c.interceptor.LoginInterceptor     : 从 Http 中的 header 中获取 userToken: null
2025-06-03T22:28:34.122+08:00  INFO 3357 --- [Spring-blog-demo] [http-nio-8081-exec-8] c.k.s.c.interceptor.LoginInterceptor     : 从 Http 中的 header 中获取 userToken: null
2025-06-03T22:28:34.128+08:00 ERROR 3357 --- [Spring-blog-demo] [http-nio-8081-exec-8] c.k.s.common.advice.ExceptionAdvice      : 发生 NotLoginException, e:用户令牌获取失败！
2025-06-03T22:28:34.128+08:00 ERROR 3357 --- [Spring-blog-demo] [http-nio-8081-exec-1] c.k.s.common.advice.ExceptionAdvice      : 发生 NotLoginException, e:用户令牌获取失败！
2025-06-03T22:29:22.608+08:00  INFO 3357 --- [Spring-blog-demo] [http-nio-8081-exec-7] c.k.s.controller.UserInfoController      : 用户登录，username: KevinQiu
2025-06-03T22:29:42.302+08:00  INFO 3357 --- [Spring-blog-demo] [SpringApplicationShutdownHook] o.s.b.w.e.tomcat.GracefulShutdown        : Commencing graceful shutdown. Waiting for active requests to complete
2025-06-03T22:29:42.314+08:00  INFO 3357 --- [Spring-blog-demo] [tomcat-shutdown] o.s.b.w.e.tomcat.GracefulShutdown        : Graceful shutdown complete
2025-06-03T22:29:42.322+08:00  INFO 3357 --- [Spring-blog-demo] [SpringApplicationShutdownHook] com.zaxxer.hikari.HikariDataSource       : HikariPool-1 - Shutdown initiated...
2025-06-03T22:29:42.343+08:00  INFO 3357 --- [Spring-blog-demo] [SpringApplicationShutdownHook] com.zaxxer.hikari.HikariDataSource       : HikariPool-1 - Shutdown completed.
2025-06-03T22:29:44.180+08:00  INFO 4204 --- [Spring-blog-demo] [main] c.k.s.SpringBlogDemoApplication          : Starting SpringBlogDemoApplication using Java 17.0.11 with PID 4204 (/Users/kevinqiu/Desktop/JavaToGithub/JavaEE_Pro/Spring-blog-demo/target/classes started by kevinqiu in /Users/kevinqiu/Desktop/JavaToGithub/JavaEE_Pro/Spring-blog-demo)
2025-06-03T22:29:44.182+08:00  INFO 4204 --- [Spring-blog-demo] [main] c.k.s.SpringBlogDemoApplication          : The following 1 profile is active: "dev"
2025-06-03T22:29:44.812+08:00  INFO 4204 --- [Spring-blog-demo] [main] o.s.b.w.embedded.tomcat.TomcatWebServer  : Tomcat initialized with port 8081 (http)
2025-06-03T22:29:44.819+08:00  INFO 4204 --- [Spring-blog-demo] [main] o.apache.catalina.core.StandardService   : Starting service [Tomcat]
2025-06-03T22:29:44.819+08:00  INFO 4204 --- [Spring-blog-demo] [main] o.apache.catalina.core.StandardEngine    : Starting Servlet engine: [Apache Tomcat/10.1.41]
2025-06-03T22:29:44.839+08:00  INFO 4204 --- [Spring-blog-demo] [main] o.a.c.c.C.[Tomcat].[localhost].[/]       : Initializing Spring embedded WebApplicationContext
2025-06-03T22:29:44.840+08:00  INFO 4204 --- [Spring-blog-demo] [main] w.s.c.ServletWebServerApplicationContext : Root WebApplicationContext: initialization completed in 632 ms
2025-06-03T22:29:45.297+08:00  INFO 4204 --- [Spring-blog-demo] [main] o.s.b.w.embedded.tomcat.TomcatWebServer  : Tomcat started on port 8081 (http) with context path '/'
2025-06-03T22:29:45.303+08:00  INFO 4204 --- [Spring-blog-demo] [main] c.k.s.SpringBlogDemoApplication          : Started SpringBlogDemoApplication in 1.483 seconds (process running for 1.981)
2025-06-03T22:29:48.799+08:00  INFO 4204 --- [Spring-blog-demo] [http-nio-8081-exec-1] o.a.c.c.C.[Tomcat].[localhost].[/]       : Initializing Spring DispatcherServlet 'dispatcherServlet'
2025-06-03T22:29:48.799+08:00  INFO 4204 --- [Spring-blog-demo] [http-nio-8081-exec-1] o.s.web.servlet.DispatcherServlet        : Initializing Servlet 'dispatcherServlet'
2025-06-03T22:29:48.801+08:00  INFO 4204 --- [Spring-blog-demo] [http-nio-8081-exec-1] o.s.web.servlet.DispatcherServlet        : Completed initialization in 1 ms
2025-06-03T22:29:54.100+08:00  INFO 4204 --- [Spring-blog-demo] [http-nio-8081-exec-7] c.k.s.controller.UserInfoController      : 用户登录，username: KevinQiu
2025-06-03T22:29:54.144+08:00  INFO 4204 --- [Spring-blog-demo] [http-nio-8081-exec-7] com.zaxxer.hikari.HikariDataSource       : HikariPool-1 - Starting...
2025-06-03T22:29:54.247+08:00  INFO 4204 --- [Spring-blog-demo] [http-nio-8081-exec-7] com.zaxxer.hikari.pool.HikariPool        : HikariPool-1 - Added connection com.mysql.cj.jdbc.ConnectionImpl@1df60c68
2025-06-03T22:29:54.248+08:00  INFO 4204 --- [Spring-blog-demo] [http-nio-8081-exec-7] com.zaxxer.hikari.HikariDataSource       : HikariPool-1 - Start completed.
2025-06-03T22:30:06.963+08:00  INFO 4204 --- [Spring-blog-demo] [http-nio-8081-exec-8] c.k.s.controller.UserInfoController      : 用户登录，username: KevinQiu
2025-06-03T22:30:10.546+08:00  INFO 4204 --- [Spring-blog-demo] [http-nio-8081-exec-9] c.k.s.controller.UserInfoController      : 用户登录，username: KevinQiu
2025-06-03T22:31:02.794+08:00  INFO 4204 --- [Spring-blog-demo] [http-nio-8081-exec-1] c.k.s.controller.UserInfoController      : 用户登录，username: KevinQiu
2025-06-03T22:31:03.031+08:00  INFO 4204 --- [Spring-blog-demo] [http-nio-8081-exec-9] c.k.s.c.interceptor.LoginInterceptor     : 从 Http 中的 header 中获取 userToken: eyJhbGciOiJIUzI1NiJ9.eyJ1c2VySWQiOjMsInVzZXJuYW1lIjoiS2V2aW5RaXUiLCJpYXQiOjE3NDg5NjEwNjIsImV4cCI6MTc0ODk2ODI2Mn0.-iS-TlFdwZFHf_ypkb4W8OYWB-OwyXSLLiINBeVbFJM
2025-06-03T22:31:03.059+08:00  INFO 4204 --- [Spring-blog-demo] [http-nio-8081-exec-9] c.k.s.c.interceptor.LoginInterceptor     : 令牌校验成功，放行！
2025-06-03T22:31:03.060+08:00  INFO 4204 --- [Spring-blog-demo] [http-nio-8081-exec-9] c.k.s.controller.BlogInfoController      : 获取博客列表
2025-06-03T22:31:03.065+08:00  INFO 4204 --- [Spring-blog-demo] [http-nio-8081-exec-10] c.k.s.controller.UserInfoController      : 查询用户信息，userId: 3
2025-06-03T22:31:33.287+08:00  INFO 4204 --- [Spring-blog-demo] [SpringApplicationShutdownHook] o.s.b.w.e.tomcat.GracefulShutdown        : Commencing graceful shutdown. Waiting for active requests to complete
2025-06-03T22:31:33.291+08:00  INFO 4204 --- [Spring-blog-demo] [tomcat-shutdown] o.s.b.w.e.tomcat.GracefulShutdown        : Graceful shutdown complete
2025-06-03T22:31:33.299+08:00  INFO 4204 --- [Spring-blog-demo] [SpringApplicationShutdownHook] com.zaxxer.hikari.HikariDataSource       : HikariPool-1 - Shutdown initiated...
2025-06-03T22:31:33.304+08:00  INFO 4204 --- [Spring-blog-demo] [SpringApplicationShutdownHook] com.zaxxer.hikari.HikariDataSource       : HikariPool-1 - Shutdown completed.
2025-06-03T22:31:49.259+08:00  INFO 4833 --- [Spring-blog-demo] [main] c.k.s.SpringBlogDemoApplication          : Starting SpringBlogDemoApplication using Java 17.0.11 with PID 4833 (/Users/kevinqiu/Desktop/JavaToGithub/JavaEE_Pro/Spring-blog-demo/target/classes started by kevinqiu in /Users/kevinqiu/Desktop/JavaToGithub/JavaEE_Pro/Spring-blog-demo)
2025-06-03T22:31:49.260+08:00  INFO 4833 --- [Spring-blog-demo] [main] c.k.s.SpringBlogDemoApplication          : The following 1 profile is active: "dev"
2025-06-03T22:31:49.757+08:00  INFO 4833 --- [Spring-blog-demo] [main] o.s.b.w.embedded.tomcat.TomcatWebServer  : Tomcat initialized with port 8080 (http)
2025-06-03T22:31:49.765+08:00  INFO 4833 --- [Spring-blog-demo] [main] o.apache.catalina.core.StandardService   : Starting service [Tomcat]
2025-06-03T22:31:49.766+08:00  INFO 4833 --- [Spring-blog-demo] [main] o.apache.catalina.core.StandardEngine    : Starting Servlet engine: [Apache Tomcat/10.1.41]
2025-06-03T22:31:49.789+08:00  INFO 4833 --- [Spring-blog-demo] [main] o.a.c.c.C.[Tomcat].[localhost].[/]       : Initializing Spring embedded WebApplicationContext
2025-06-03T22:31:49.790+08:00  INFO 4833 --- [Spring-blog-demo] [main] w.s.c.ServletWebServerApplicationContext : Root WebApplicationContext: initialization completed in 508 ms
2025-06-03T22:31:50.126+08:00  WARN 4833 --- [Spring-blog-demo] [main] ConfigServletWebServerApplicationContext : Exception encountered during context initialization - cancelling refresh attempt: org.springframework.context.ApplicationContextException: Failed to start bean 'webServerStartStop'
2025-06-03T22:31:50.133+08:00  INFO 4833 --- [Spring-blog-demo] [main] .s.b.a.l.ConditionEvaluationReportLogger : 

Error starting ApplicationContext. To display the condition evaluation report re-run your application with 'debug' enabled.
2025-06-03T22:31:50.141+08:00 ERROR 4833 --- [Spring-blog-demo] [main] o.s.b.d.LoggingFailureAnalysisReporter   : 

***************************
APPLICATION FAILED TO START
***************************

Description:

Web server failed to start. Port 8080 was already in use.

Action:

Identify and stop the process that's listening on port 8080 or configure this application to listen on another port.

2025-06-03T22:32:24.275+08:00  INFO 5013 --- [Spring-blog-demo] [main] c.k.s.SpringBlogDemoApplication          : Starting SpringBlogDemoApplication using Java 17.0.11 with PID 5013 (/Users/kevinqiu/Desktop/JavaToGithub/JavaEE_Pro/Spring-blog-demo/target/classes started by kevinqiu in /Users/kevinqiu/Desktop/JavaToGithub/JavaEE_Pro/Spring-blog-demo)
2025-06-03T22:32:24.277+08:00  INFO 5013 --- [Spring-blog-demo] [main] c.k.s.SpringBlogDemoApplication          : The following 1 profile is active: "dev"
2025-06-03T22:32:24.767+08:00  INFO 5013 --- [Spring-blog-demo] [main] o.s.b.w.embedded.tomcat.TomcatWebServer  : Tomcat initialized with port 8081 (http)
2025-06-03T22:32:24.773+08:00  INFO 5013 --- [Spring-blog-demo] [main] o.apache.catalina.core.StandardService   : Starting service [Tomcat]
2025-06-03T22:32:24.774+08:00  INFO 5013 --- [Spring-blog-demo] [main] o.apache.catalina.core.StandardEngine    : Starting Servlet engine: [Apache Tomcat/10.1.41]
2025-06-03T22:32:24.795+08:00  INFO 5013 --- [Spring-blog-demo] [main] o.a.c.c.C.[Tomcat].[localhost].[/]       : Initializing Spring embedded WebApplicationContext
2025-06-03T22:32:24.795+08:00  INFO 5013 --- [Spring-blog-demo] [main] w.s.c.ServletWebServerApplicationContext : Root WebApplicationContext: initialization completed in 497 ms
2025-06-03T22:32:25.142+08:00  INFO 5013 --- [Spring-blog-demo] [main] o.s.b.w.embedded.tomcat.TomcatWebServer  : Tomcat started on port 8081 (http) with context path '/'
2025-06-03T22:32:25.148+08:00  INFO 5013 --- [Spring-blog-demo] [main] c.k.s.SpringBlogDemoApplication          : Started SpringBlogDemoApplication in 1.098 seconds (process running for 1.34)
2025-06-03T22:32:28.149+08:00  INFO 5013 --- [Spring-blog-demo] [SpringApplicationShutdownHook] o.s.b.w.e.tomcat.GracefulShutdown        : Commencing graceful shutdown. Waiting for active requests to complete
2025-06-03T22:32:28.152+08:00  INFO 5013 --- [Spring-blog-demo] [tomcat-shutdown] o.s.b.w.e.tomcat.GracefulShutdown        : Graceful shutdown complete
